<?xml version="1.0" encoding="UTF-8"?>
<!-- Generated by org.testng.reporters.JUnitReportReporter -->
<testsuite skipped="0" hostname="DESKTOP-2V0THNH" name="tests.ExtrasTest" tests="1" failures="0" timestamp="2019-12-14T17:51:03 CET" time="28.498" errors="0">
  <testcase name="Extras" time="28.498" classname="tests.ExtrasTest"/>
</testsuite> <!-- tests.ExtrasTest -->
