<?xml version="1.0" encoding="UTF-8"?>
<!-- Generated by org.testng.reporters.JUnitReportReporter -->
<testsuite skipped="0" hostname="DESKTOP-2V0THNH" name="tests.ExcelLoginTest" tests="1" failures="0" timestamp="2019-12-14T23:39:08 CET" time="14.657" errors="0">
  <testcase name="LoginExcell" time="14.657" classname="tests.ExcelLoginTest"/>
</testsuite> <!-- tests.ExcelLoginTest -->
