<?xml version="1.0" encoding="UTF-8"?>
<!-- Generated by org.testng.reporters.JUnitReportReporter -->
<testsuite skipped="0" hostname="DESKTOP-2V0THNH" name="tests.CustomerTest" tests="1" failures="0" timestamp="2019-12-14T23:35:29 CET" time="30.819" errors="0">
  <testcase name="SearchCustomer" time="30.819" classname="tests.CustomerTest"/>
</testsuite> <!-- tests.CustomerTest -->
