<?xml version="1.0" encoding="UTF-8"?>
<!-- Generated by org.testng.reporters.JUnitReportReporter -->
<testsuite skipped="0" hostname="DESKTOP-2V0THNH" name="tests.LoginTest" tests="1" failures="0" timestamp="2019-12-13T17:20:36 CET" time="12.340" errors="0">
  <testcase name="basicLogin" time="12.340" classname="tests.LoginTest"/>
</testsuite> <!-- tests.LoginTest -->
