<?xml version="1.0" encoding="UTF-8"?>
<!-- Generated by org.testng.reporters.JUnitReportReporter -->
<testsuite skipped="0" hostname="DESKTOP-2V0THNH" name="tests.CarsTest" tests="2" failures="0" timestamp="2019-12-14T16:39:09 CET" time="22.616" errors="0">
  <testcase name="TravelsCarsTest" time="21.225" classname="tests.CarsTest"/>
  <testcase name="CarsName" time="1.391" classname="tests.CarsTest"/>
</testsuite> <!-- tests.CarsTest -->
