<?xml version="1.0" encoding="UTF-8"?>
<!-- Generated by org.testng.reporters.JUnitReportReporter -->
<testsuite skipped="0" hostname="DESKTOP-2V0THNH" name="tests.TravelsMenuTest" tests="8" failures="0" timestamp="2019-12-13T03:58:56 CET" time="67.280" errors="0">
  <testcase name="goToDashboard" time="9.766" classname="tests.TravelsMenuTest"/>
  <testcase name="goToUpdates" time="10.157" classname="tests.TravelsMenuTest"/>
  <testcase name="goToModules" time="6.504" classname="tests.TravelsMenuTest"/>
  <testcase name="goToTours" time="9.133" classname="tests.TravelsMenuTest"/>
  <testcase name="goToCars" time="13.107" classname="tests.TravelsMenuTest"/>
  <testcase name="goToCoupons" time="6.390" classname="tests.TravelsMenuTest"/>
  <testcase name="goToNewsletter" time="6.196" classname="tests.TravelsMenuTest"/>
  <testcase name="goToBookings" time="6.027" classname="tests.TravelsMenuTest"/>
</testsuite> <!-- tests.TravelsMenuTest -->
